\BOOKMARK [0][-]{chapter.1}{Regular chapter}{}% 1
\BOOKMARK [1][-]{section.1.1}{Sections}{chapter.1}% 2
\BOOKMARK [2][-]{subsection.1.1.1}{Subsections}{section.1.1}% 3
\BOOKMARK [1][-]{section.1.2}{Using citations}{chapter.1}% 4
\BOOKMARK [1][-]{section.1.3}{Using figures}{chapter.1}% 5
\BOOKMARK [1][-]{section.1.4}{Using tables}{chapter.1}% 6
\BOOKMARK [1][-]{section.1.5}{Using boxes}{chapter.1}% 7
\BOOKMARK [1][-]{section.1.6}{Using footnotes}{chapter.1}% 8
\BOOKMARK [1][-]{section.1.7}{Import\342ncia de esp\351cies em anel para o estudo da especia\347\343o }{chapter.1}% 9
\BOOKMARK [2][-]{subsection.1.7.1}{Sistem\341tica e conceito de esp\351cies }{section.1.7}% 10
\BOOKMARK [0][-]{chapter.2}{Research article}{}% 11
\BOOKMARK [1][-]{section.2.1}{Specific introduction topic}{chapter.2}% 12
\BOOKMARK [1][-]{section.2.2}{ETC.}{chapter.2}% 13
\BOOKMARK [0][-]{chapter.3}{Additional elements from the Legrand orange Book}{}% 14
\BOOKMARK [1][-]{section.3.1}{Theorems}{chapter.3}% 15
\BOOKMARK [2][-]{subsection.3.1.1}{Several equations}{section.3.1}% 16
\BOOKMARK [2][-]{subsection.3.1.2}{Single Line}{section.3.1}% 17
\BOOKMARK [1][-]{section.3.2}{Definitions}{chapter.3}% 18
\BOOKMARK [1][-]{section.3.3}{Notations}{chapter.3}% 19
\BOOKMARK [1][-]{section.3.4}{Remarks}{chapter.3}% 20
\BOOKMARK [1][-]{section.3.5}{Corollaries}{chapter.3}% 21
\BOOKMARK [1][-]{section.3.6}{Propositions}{chapter.3}% 22
\BOOKMARK [2][-]{subsection.3.6.1}{Several equations}{section.3.6}% 23
\BOOKMARK [2][-]{subsection.3.6.2}{Single Line}{section.3.6}% 24
\BOOKMARK [1][-]{section.3.7}{Examples}{chapter.3}% 25
\BOOKMARK [2][-]{subsection.3.7.1}{Equation and Text}{section.3.7}% 26
\BOOKMARK [2][-]{subsection.3.7.2}{Paragraph of Text}{section.3.7}% 27
\BOOKMARK [1][-]{section.3.8}{Exercises}{chapter.3}% 28
\BOOKMARK [1][-]{section.3.9}{Problems}{chapter.3}% 29
\BOOKMARK [1][-]{section.3.10}{Vocabulary}{chapter.3}% 30
